<?xml version="1.0" ?><testsuite name="ServerSide.TestNetworkServer" time="3.541" timestamp="2021-06-20T07:06:31" tests="20" failures="0" skipped="0" aborted="0"><properties><property name="ant.library.dir" value="C:\Program Files\JetBrains\IntelliJ IDEA Community Edition 2020.3.2\lib\ant\lib"></property><property name="baseClient" value="artifactsClient"></property><property name="ant.file.type" value="file"></property><property name="java.specification.version" value="15"></property><property name="ant.project.name" value="majorProjectNew"></property><property name="sun.cpu.isalist" value="amd64"></property><property name="sun.jnu.encoding" value="Cp1252"></property><property name="java.class.path" value="C:\Program Files\Amazon Corretto\jdk15.0.2_7!\java.base;C:\Program Files\Amazon Corretto\jdk15.0.2_7!\java.compiler;C:\Program Files\Amazon Corretto\jdk15.0.2_7!\java.datatransfer;C:\Program Files\Amazon Corretto\jdk15.0.2_7!\java.desktop;C:\Program Files\Amazon Corretto\jdk15.0.2_7!\java.instrument;C:\Program Files\Amazon Corretto\jdk15.0.2_7!\java.logging;C:\Program Files\Amazon Corretto\jdk15.0.2_7!\java.management;C:\Program Files\Amazon Corretto\jdk15.0.2_7!\java.management.rmi;C:\Program Files\Amazon Corretto\jdk15.0.2_7!\java.naming;C:\Program Files\Amazon Corretto\jdk15.0.2_7!\java.net.http;C:\Program Files\Amazon Corretto\jdk15.0.2_7!\java.prefs;C:\Program Files\Amazon Corretto\jdk15.0.2_7!\java.rmi;C:\Program Files\Amazon Corretto\jdk15.0.2_7!\java.scripting;C:\Program Files\Amazon Corretto\jdk15.0.2_7!\java.se;C:\Program Files\Amazon Corretto\jdk15.0.2_7!\java.security.jgss;C:\Program Files\Amazon Corretto\jdk15.0.2_7!\java.security.sasl;C:\Program Files\Amazon Corretto\jdk15.0.2_7!\java.smartcardio;C:\Program Files\Amazon Corretto\jdk15.0.2_7!\java.sql;C:\Program Files\Amazon Corretto\jdk15.0.2_7!\java.sql.rowset;C:\Program Files\Amazon Corretto\jdk15.0.2_7!\java.transaction.xa;C:\Program Files\Amazon Corretto\jdk15.0.2_7!\java.xml;C:\Program Files\Amazon Corretto\jdk15.0.2_7!\java.xml.crypto;C:\Program Files\Amazon Corretto\jdk15.0.2_7!\jdk.accessibility;C:\Program Files\Amazon Corretto\jdk15.0.2_7!\jdk.aot;C:\Program Files\Amazon Corretto\jdk15.0.2_7!\jdk.attach;C:\Program Files\Amazon Corretto\jdk15.0.2_7!\jdk.charsets;C:\Program Files\Amazon Corretto\jdk15.0.2_7!\jdk.compiler;C:\Program Files\Amazon Corretto\jdk15.0.2_7!\jdk.crypto.cryptoki;C:\Program Files\Amazon Corretto\jdk15.0.2_7!\jdk.crypto.ec;C:\Program Files\Amazon Corretto\jdk15.0.2_7!\jdk.crypto.mscapi;C:\Program Files\Amazon Corretto\jdk15.0.2_7!\jdk.dynalink;C:\Program Files\Amazon Corretto\jdk15.0.2_7!\jdk.editpad;C:\Program Files\Amazon Corretto\jdk15.0.2_7!\jdk.hotspot.agent;C:\Program Files\Amazon Corretto\jdk15.0.2_7!\jdk.httpserver;C:\Program Files\Amazon Corretto\jdk15.0.2_7!\jdk.incubator.foreign;C:\Program Files\Amazon Corretto\jdk15.0.2_7!\jdk.incubator.jpackage;C:\Program Files\Amazon Corretto\jdk15.0.2_7!\jdk.internal.ed;C:\Program Files\Amazon Corretto\jdk15.0.2_7!\jdk.internal.jvmstat;C:\Program Files\Amazon Corretto\jdk15.0.2_7!\jdk.internal.le;C:\Program Files\Amazon Corretto\jdk15.0.2_7!\jdk.internal.opt;C:\Program Files\Amazon Corretto\jdk15.0.2_7!\jdk.internal.vm.ci;C:\Program Files\Amazon Corretto\jdk15.0.2_7!\jdk.internal.vm.compiler;C:\Program Files\Amazon Corretto\jdk15.0.2_7!\jdk.internal.vm.compiler.management;C:\Program Files\Amazon Corretto\jdk15.0.2_7!\jdk.jartool;C:\Program Files\Amazon Corretto\jdk15.0.2_7!\jdk.javadoc;C:\Program Files\Amazon Corretto\jdk15.0.2_7!\jdk.jcmd;C:\Program Files\Amazon Corretto\jdk15.0.2_7!\jdk.jconsole;C:\Program Files\Amazon Corretto\jdk15.0.2_7!\jdk.jdeps;C:\Program Files\Amazon Corretto\jdk15.0.2_7!\jdk.jdi;C:\Program Files\Amazon Corretto\jdk15.0.2_7!\jdk.jdwp.agent;C:\Program Files\Amazon Corretto\jdk15.0.2_7!\jdk.jfr;C:\Program Files\Amazon Corretto\jdk15.0.2_7!\jdk.jlink;C:\Program Files\Amazon Corretto\jdk15.0.2_7!\jdk.jshell;C:\Program Files\Amazon Corretto\jdk15.0.2_7!\jdk.jsobject;C:\Program Files\Amazon Corretto\jdk15.0.2_7!\jdk.jstatd;C:\Program Files\Amazon Corretto\jdk15.0.2_7!\jdk.localedata;C:\Program Files\Amazon Corretto\jdk15.0.2_7!\jdk.management;C:\Program Files\Amazon Corretto\jdk15.0.2_7!\jdk.management.agent;C:\Program Files\Amazon Corretto\jdk15.0.2_7!\jdk.management.jfr;C:\Program Files\Amazon Corretto\jdk15.0.2_7!\jdk.naming.dns;C:\Program Files\Amazon Corretto\jdk15.0.2_7!\jdk.naming.rmi;C:\Program Files\Amazon Corretto\jdk15.0.2_7!\jdk.net;C:\Program Files\Amazon Corretto\jdk15.0.2_7!\jdk.nio.mapmode;C:\Program Files\Amazon Corretto\jdk15.0.2_7!\jdk.sctp;C:\Program Files\Amazon Corretto\jdk15.0.2_7!\jdk.security.auth;C:\Program Files\Amazon Corretto\jdk15.0.2_7!\jdk.security.jgss;C:\Program Files\Amazon Corretto\jdk15.0.2_7!\jdk.unsupported;C:\Program Files\Amazon Corretto\jdk15.0.2_7!\jdk.unsupported.desktop;C:\Program Files\Amazon Corretto\jdk15.0.2_7!\jdk.xml.dom;C:\Program Files\Amazon Corretto\jdk15.0.2_7!\jdk.zipfs;C:\Users\sophi\IdeaProjects\majorProjectNew\lib\apiguardian-api-1.0.0.jar;C:\Users\sophi\IdeaProjects\majorProjectNew\lib\junit-jupiter-api-5.4.2.jar;C:\Users\sophi\IdeaProjects\majorProjectNew\lib\junit-jupiter-engine-5.4.2.jar;C:\Users\sophi\IdeaProjects\majorProjectNew\lib\junit-jupiter-params-5.4.2.jar;C:\Users\sophi\IdeaProjects\majorProjectNew\lib\junit-platform-commons-1.4.2.jar;C:\Users\sophi\IdeaProjects\majorProjectNew\lib\junit-platform-engine-1.4.2.jar;C:\Users\sophi\IdeaProjects\majorProjectNew\lib\junit-platform-launcher-1.4.2.jar;C:\Users\sophi\IdeaProjects\majorProjectNew\lib\mariadb-java-client-2.7.2.jar;C:\Users\sophi\IdeaProjects\majorProjectNew\lib\opentest4j-1.1.1.jar;C:\Program Files\JetBrains\IntelliJ IDEA Community Edition 2020.3.2\lib\ant\lib\ant-antlr.jar;C:\Program Files\JetBrains\IntelliJ IDEA Community Edition 2020.3.2\lib\ant\lib\ant-apache-bcel.jar;C:\Program Files\JetBrains\IntelliJ IDEA Community Edition 2020.3.2\lib\ant\lib\ant-apache-bsf.jar;C:\Program Files\JetBrains\IntelliJ IDEA Community Edition 2020.3.2\lib\ant\lib\ant-apache-log4j.jar;C:\Program Files\JetBrains\IntelliJ IDEA Community Edition 2020.3.2\lib\ant\lib\ant-apache-oro.jar;C:\Program Files\JetBrains\IntelliJ IDEA Community Edition 2020.3.2\lib\ant\lib\ant-apache-regexp.jar;C:\Program Files\JetBrains\IntelliJ IDEA Community Edition 2020.3.2\lib\ant\lib\ant-apache-resolver.jar;C:\Program Files\JetBrains\IntelliJ IDEA Community Edition 2020.3.2\lib\ant\lib\ant-apache-xalan2.jar;C:\Program Files\JetBrains\IntelliJ IDEA Community Edition 2020.3.2\lib\ant\lib\ant-commons-logging.jar;C:\Program Files\JetBrains\IntelliJ IDEA Community Edition 2020.3.2\lib\ant\lib\ant-commons-net.jar;C:\Program Files\JetBrains\IntelliJ IDEA Community Edition 2020.3.2\lib\ant\lib\ant-jai.jar;C:\Program Files\JetBrains\IntelliJ IDEA Community Edition 2020.3.2\lib\ant\lib\ant-javamail.jar;C:\Program Files\JetBrains\IntelliJ IDEA Community Edition 2020.3.2\lib\ant\lib\ant-jdepend.jar;C:\Program Files\JetBrains\IntelliJ IDEA Community Edition 2020.3.2\lib\ant\lib\ant-jmf.jar;C:\Program Files\JetBrains\IntelliJ IDEA Community Edition 2020.3.2\lib\ant\lib\ant-jsch.jar;C:\Program Files\JetBrains\IntelliJ IDEA Community Edition 2020.3.2\lib\ant\lib\ant-junit.jar;C:\Program Files\JetBrains\IntelliJ IDEA Community Edition 2020.3.2\lib\ant\lib\ant-junit4.jar;C:\Program Files\JetBrains\IntelliJ IDEA Community Edition 2020.3.2\lib\ant\lib\ant-junitlauncher.jar;C:\Program Files\JetBrains\IntelliJ IDEA Community Edition 2020.3.2\lib\ant\lib\ant-launcher.jar;C:\Program Files\JetBrains\IntelliJ IDEA Community Edition 2020.3.2\lib\ant\lib\ant-netrexx.jar;C:\Program Files\JetBrains\IntelliJ IDEA Community Edition 2020.3.2\lib\ant\lib\ant-swing.jar;C:\Program Files\JetBrains\IntelliJ IDEA Community Edition 2020.3.2\lib\ant\lib\ant-testutil.jar;C:\Program Files\JetBrains\IntelliJ IDEA Community Edition 2020.3.2\lib\ant\lib\ant-xz.jar;C:\Program Files\JetBrains\IntelliJ IDEA Community Edition 2020.3.2\lib\ant\lib\ant.jar;C:\Program Files\JetBrains\IntelliJ IDEA Community Edition 2020.3.2\lib\idea_rt.jar"></property><property name="java.vm.vendor" value="Amazon.com Inc."></property><property name="ant.file.majorProjectNew" value="C:\Users\sophi\IdeaProjects\majorProjectNew\build.xml"></property><property name="sun.arch.data.model" value="64"></property><property name="user.variant" value=""></property><property name="java.vendor.url" value="https://aws.amazon.com/corretto/"></property><property name="os.name" value="Windows 10"></property><property name="java.vm.specification.version" value="15"></property><property name="baseServer" value="artifactsServer"></property><property name="mariadbJar" value="lib/mariadb-java-client-2.7.2.jar"></property><property name="testBase" value="testFiles"></property><property name="user.country" value="AU"></property><property name="sun.java.launcher" value="SUN_STANDARD"></property><property name="sun.boot.library.path" value="C:\Program Files\Amazon Corretto\jdk15.0.2_7\bin"></property><property name="sun.java.command" value="com.intellij.rt.ant.execution.AntMain2 -logger com.intellij.rt.ant.execution.IdeaAntLogger2 -inputhandler com.intellij.rt.ant.execution.IdeaInputHandler -buildfile C:\Users\sophi\IdeaProjects\majorProjectNew\build.xml build"></property><property name="jdk.debug" value="release"></property><property name="sun.cpu.endian" value="little"></property><property name="user.home" value="C:\Users\sophi"></property><property name="user.language" value="en"></property><property name="java.specification.vendor" value="Oracle Corporation"></property><property name="java.version.date" value="2021-01-19"></property><property name="java.home" value="C:\Program Files\Amazon Corretto\jdk15.0.2_7"></property><property name="file.separator" value="\"></property><property name="basedir" value="C:\Users\sophi\IdeaProjects\majorProjectNew"></property><property name="java.vm.compressedOopsMode" value="32-bit"></property><property name="line.separator" value="
"></property><property name="ant.java.version" value="15"></property><property name="java.specification.name" value="Java Platform API Specification"></property><property name="java.vm.specification.vendor" value="Oracle Corporation"></property><property name="doc" value="doc"></property><property name="user.script" value=""></property><property name="sun.management.compiler" value="HotSpot 64-Bit Tiered Compilers"></property><property name="ant.file.type.majorProjectNew" value="file"></property><property name="java.runtime.version" value="15.0.2+7"></property><property name="user.name" value="sophi"></property><property name="ant.file" value="C:\Users\sophi\IdeaProjects\majorProjectNew\build.xml"></property><property name="path.separator" value=";"></property><property name="testClasses" value="utestclasses"></property><property name="os.version" value="10.0"></property><property name="java.runtime.name" value="OpenJDK Runtime Environment"></property><property name="file.encoding" value="UTF-8"></property><property name="ant.project.invoked-targets" value="build"></property><property name="apiguardianJar" value="lib/apiguardian-api-1.0.0.jar"></property><property name="java.vm.name" value="OpenJDK 64-Bit Server VM"></property><property name="java.vendor.version" value="Corretto-15.0.2.7.1"></property><property name="opentestJar" value="lib/opentest4j-1.1.1.jar"></property><property name="ant.core.lib" value="C:\Program Files\JetBrains\IntelliJ IDEA Community Edition 2020.3.2\lib\ant\lib\ant.jar"></property><property name="java.vendor.url.bug" value="https://github.com/corretto/corretto-jdk/issues/"></property><property name="java.io.tmpdir" value="C:\Users\sophi\AppData\Local\Temp\"></property><property name="junitpath" value="lib/junit-jupiter-api-5.4.2.jar:lib/junit-platform-commons-1.4.2.jar:lib/opentest4j-1.1.1.jar:lib/apiguardian-api-1.0.0.jar"></property><property name="java.version" value="15.0.2"></property><property name="junitJar" value="lib/junit-jupiter-api-5.4.2.jar"></property><property name="junitPlatformJar" value="lib/junit-platform-commons-1.4.2.jar"></property><property name="user.dir" value="C:\Users\sophi\IdeaProjects\majorProjectNew"></property><property name="os.arch" value="amd64"></property><property name="java.vm.specification.name" value="Java Virtual Machine Specification"></property><property name="ant.home" value="C:\Program Files\JetBrains\IntelliJ IDEA Community Edition 2020.3.2\lib\ant"></property><property name="sun.os.patch.level" value=""></property><property name="ant.version" value="Apache Ant(TM) version 1.10.5 compiled on July 10 2018"></property><property name="java.library.path" value="C:\Program Files\Amazon Corretto\jdk15.0.2_7\bin;C:\WINDOWS\Sun\Java\bin;C:\WINDOWS\system32;C:\WINDOWS;C:\Program Files\Amazon Corretto\jdk15.0.2_7\bin;C:\Program Files (x86)\NVIDIA Corporation\PhysX\Common;C:\WINDOWS\system32;C:\WINDOWS;C:\WINDOWS\System32\Wbem;C:\WINDOWS\System32\WindowsPowerShell\v1.0\;C:\WINDOWS\System32\OpenSSH\;C:\Program Files (x86)\Intel\Intel(R) Management Engine Components\DAL;C:\Program Files\Intel\Intel(R) Management Engine Components\DAL;C:\Program Files (x86)\Intel\Intel(R) Management Engine Components\IPT;C:\Program Files\Intel\Intel(R) Management Engine Components\IPT;C:\Program Files\Intel\WiFi\bin\;C:\Program Files\Common Files\Intel\WirelessCommon\;C:\Program Files\PuTTY\;C:\Program Files (x86)\Brackets\command;C:\Program Files\dotnet\;C:\Program Files\Git\cmd;C:\Users\sophi\AppData\Local\Programs\Python\Python36\Scripts\;C:\Users\sophi\AppData\Local\Programs\Python\Python36\;C:\Users\sophi\AppData\Local\Microsoft\WindowsApps;C:\Users\sophi\.dotnet\tools;C:\Users\sophi\AppData\Local\Programs\Microsoft VS Code\bin;;."></property><property name="java.vendor" value="Amazon.com Inc."></property><property name="java.vm.info" value="mixed mode, sharing"></property><property name="java.vm.version" value="15.0.2+7"></property><property name="sun.io.unicode.encoding" value="UnicodeLittle"></property><property name="java.class.version" value="59.0"></property><property name="ant.project.default-target" value="build"></property></properties><testcase classname="ServerSide.TestNetworkServer" name="failUpdate()" time="0.143"></testcase><testcase classname="ServerSide.TestNetworkServer" name="constrainedUpdate()" time="0.141"></testcase><testcase classname="ServerSide.TestNetworkServer" name="successUpdate()" time="0.147"></testcase><testcase classname="ServerSide.TestNetworkServer" name="tradeRecTrivialCase()" time="0.205"></testcase><testcase classname="ServerSide.TestNetworkServer" name="applyConstraintsAsset()" time="0.16"></testcase><testcase classname="ServerSide.TestNetworkServer" name="tradeRecQtyDifference()" time="0.172"></testcase><testcase classname="ServerSide.TestNetworkServer" name="successDelete()" time="0.15"></testcase><testcase classname="ServerSide.TestNetworkServer" name="tradeRecPriceDifference()" time="0.198"></testcase><testcase classname="ServerSide.TestNetworkServer" name="applyConstraintSellOrder()" time="0.148"></testcase><testcase classname="ServerSide.TestNetworkServer" name="applyConstraintsUnit()" time="0.154"></testcase><testcase classname="ServerSide.TestNetworkServer" name="failDelete()" time="0.147"></testcase><testcase classname="ServerSide.TestNetworkServer" name="tradeRecMultiMatch()" time="0.214"></testcase><testcase classname="ServerSide.TestNetworkServer" name="failInsert()" time="0.16"></testcase><testcase classname="ServerSide.TestNetworkServer" name="twoRowsInsertUOD()" time="0.155"></testcase><testcase classname="ServerSide.TestNetworkServer" name="successSelectBlankFilter()" time="0.15"></testcase><testcase classname="ServerSide.TestNetworkServer" name="tradeRecNoMatches()" time="0.208"></testcase><testcase classname="ServerSide.TestNetworkServer" name="constrainedInsert()" time="0.142"></testcase><testcase classname="ServerSide.TestNetworkServer" name="oneRowInsertUOD()" time="0.138"></testcase><testcase classname="ServerSide.TestNetworkServer" name="constrainedInsertUOD()" time="0.157"></testcase><testcase classname="ServerSide.TestNetworkServer" name="failSelectBlankFilter()" time="0.141"></testcase></testsuite>